<?xml version="1.0" encoding="UTF-8"?>
<testng-results skipped="0" failed="0" ignored="0" total="1" passed="1">
  <reporter-output>
  </reporter-output>
  <suite name="Default suite" duration-ms="8236" started-at="2019-05-27T16:29:07Z" finished-at="2019-05-27T16:29:16Z">
    <groups>
    </groups>
    <test name="Default test" duration-ms="8236" started-at="2019-05-27T16:29:07Z" finished-at="2019-05-27T16:29:16Z">
      <class name="mobiotics.lco.testCases.Tc_Profile">
        <test-method status="PASS" signature="initApplication()[pri:0, instance:mobiotics.lco.testCases.Tc_Profile@1da51a35]" name="initApplication" is-config="true" duration-ms="6827" started-at="2019-05-27T16:29:00Z" finished-at="2019-05-27T16:29:07Z">
          <reporter-output>
          </reporter-output>
        </test-method> <!-- initApplication -->
        <test-method status="PASS" signature="profileTestMethod()[pri:0, instance:mobiotics.lco.testCases.Tc_Profile@1da51a35]" name="profileTestMethod" duration-ms="8199" started-at="2019-05-27T16:29:07Z" finished-at="2019-05-27T16:29:16Z">
          <reporter-output>
          </reporter-output>
        </test-method> <!-- profileTestMethod -->
      </class> <!-- mobiotics.lco.testCases.Tc_Profile -->
    </test> <!-- Default test -->
  </suite> <!-- Default suite -->
</testng-results>
